<?xml version="1.0" encoding="UTF-8"?>
<!-- Generated by org.testng.reporters.JUnitXMLReporter -->
<testsuite ignored="0" hostname="DESKTOP-I3BGM4H" failures="0" tests="4" name="Test" time="7.928" errors="0" timestamp="2023-12-02T14:56:01 IST">
  <testcase classname="Day5_API_Chaining.CreateUser" name="test_CreateUser" time="6.3"/>
  <testcase classname="Day5_API_Chaining.GetUser" name="testGetuser" time="0.674"/>
  <testcase classname="Day5_API_Chaining.UpdateUser" name="test_UpdateUser" time="0.46"/>
  <testcase classname="Day5_API_Chaining.DeleteUser" name="test_deleteUser" time="0.307"/>
</testsuite> <!-- Test -->
