<?xml version="1.0" encoding="UTF-8"?>
<!-- Generated by org.testng.reporters.JUnitXMLReporter -->
<testsuite ignored="0" hostname="DESKTOP-I3BGM4H" failures="0" tests="4" name="Test" time="3.865" errors="0" timestamp="2023-12-03T11:57:36 IST">
  <testcase classname="Day5_API_Chaining.CreateUser" name="test_CreateUser" time="2.98"/>
  <testcase classname="Day5_API_Chaining.GetUser" name="testGetuser" time="0.28"/>
  <testcase classname="Day5_API_Chaining.UpdateUser" name="test_UpdateUser" time="0.356"/>
  <testcase classname="Day5_API_Chaining.DeleteUser" name="test_deleteUser" time="0.178"/>
</testsuite> <!-- Test -->
