<?xml version="1.0" encoding="UTF-8"?>
<!-- Generated by org.testng.reporters.JUnitXMLReporter -->
<testsuite ignored="0" hostname="DESKTOP-I3BGM4H" failures="0" tests="4" name="testng.xml" time="10.272" errors="0" timestamp="2023-11-25T19:29:09 IST">
  <testcase classname="api.test.UserTest" name="testPostUser" time="3.731"/>
  <testcase classname="api.test.UserTest" name="testGetUserByName" time="1.134"/>
  <testcase classname="api.test.UserTest" name="testUpdateUserByName" time="2.309"/>
  <testcase classname="api.test.UserTest" name="testDeleteUserByName" time="1.167"/>
</testsuite> <!-- testng.xml -->
