<?xml version="1.0" encoding="UTF-8"?>
<testng-results ignored="0" total="1" passed="1" failed="0" skipped="0">
  <reporter-output>
  </reporter-output>
  <suite started-at="2023-12-08T14:29:42 IST" name="Default suite" finished-at="2023-12-08T14:29:46 IST" duration-ms="3762">
    <groups>
    </groups>
    <test started-at="2023-12-08T14:29:42 IST" name="Default test" finished-at="2023-12-08T14:29:46 IST" duration-ms="3762">
      <class name="Day4.jsonschemaValidation">
        <test-method signature="jsonschemavalidation()[pri:0, instance:Day4.jsonschemaValidation@43dac38f]" started-at="2023-12-08T14:29:42 IST" name="jsonschemavalidation" finished-at="2023-12-08T14:29:46 IST" duration-ms="3672" status="PASS">
          <reporter-output>
          </reporter-output>
        </test-method> <!-- jsonschemavalidation -->
      </class> <!-- Day4.jsonschemaValidation -->
    </test> <!-- Default test -->
  </suite> <!-- Default suite -->
</testng-results>
