<?xml version="1.0" encoding="UTF-8"?>
<testng-results ignored="0" total="1" passed="1" failed="0" skipped="0">
  <reporter-output>
  </reporter-output>
  <suite started-at="2023-12-31T13:36:56 IST" name="Default suite" finished-at="2023-12-31T13:36:59 IST" duration-ms="2904">
    <groups>
    </groups>
    <test started-at="2023-12-31T13:36:56 IST" name="Default test" finished-at="2023-12-31T13:36:59 IST" duration-ms="2904">
      <class name="ld2_restAssuredDataValidation.ReadResponseIdDiffWay">
        <test-method signature="testExtractDetailsUsingResponse()[pri:0, instance:ld2_restAssuredDataValidation.ReadResponseIdDiffWay@6392827e]" started-at="2023-12-31T13:36:56 IST" name="testExtractDetailsUsingResponse" finished-at="2023-12-31T13:36:59 IST" duration-ms="2813" status="PASS">
          <reporter-output>
          </reporter-output>
        </test-method> <!-- testExtractDetailsUsingResponse -->
      </class> <!-- ld2_restAssuredDataValidation.ReadResponseIdDiffWay -->
    </test> <!-- Default test -->
  </suite> <!-- Default suite -->
</testng-results>
